<?xml version="1.0" encoding="UTF-8"?>
<!-- Generated by org.testng.reporters.JUnitXMLReporter -->
<testsuite ignored="2" hostname="DESKTOP-G68T2U2" failures="2" tests="2" name="AcademicYear" time="84.195" errors="0" timestamp="2026-05-15T23:30:20 GMT+01:00">
  <testcase classname="tests.TC02_CreerAnneeAcademique" name="TC02_creerAnneeAcademique" time="0.164">
    <failure type="java.lang.NullPointerException" message="Cannot invoke &amp;quot;com.aventstack.extentreports.ExtentReports.createTest(String)&amp;quot; because &amp;quot;this.extent&amp;quot; is null">
      <![CDATA[java.lang.NullPointerException: Cannot invoke "com.aventstack.extentreports.ExtentReports.createTest(String)" because "this.extent" is null
at tests.TC02_CreerAnneeAcademique.TC02_creerAnneeAcademique(TC02_CreerAnneeAcademique.java:20)
at java.base/java.util.ArrayList.forEach(ArrayList.java:1604)
at java.base/java.util.concurrent.FutureTask.run(FutureTask.java:328)
at java.base/java.util.concurrent.ThreadPoolExecutor.runWorker(ThreadPoolExecutor.java:1090)
at java.base/java.util.concurrent.ThreadPoolExecutor$Worker.run(ThreadPoolExecutor.java:614)
at java.base/java.lang.Thread.run(Thread.java:1474)
... Removed 15 stack frames]]>
    </failure>
  </testcase> <!-- TC02_creerAnneeAcademique -->
  <testcase classname="tests.TC09_SelectionnerAnneeCourante" name="TC09_selectionnerAnneeCourante" time="0.006">
    <failure type="java.lang.NullPointerException" message="Cannot invoke &amp;quot;com.aventstack.extentreports.ExtentReports.createTest(String)&amp;quot; because &amp;quot;this.extent&amp;quot; is null">
      <![CDATA[java.lang.NullPointerException: Cannot invoke "com.aventstack.extentreports.ExtentReports.createTest(String)" because "this.extent" is null
at tests.TC09_SelectionnerAnneeCourante.TC09_selectionnerAnneeCourante(TC09_SelectionnerAnneeCourante.java:28)
at java.base/java.util.ArrayList.forEach(ArrayList.java:1604)
at java.base/java.util.concurrent.FutureTask.run(FutureTask.java:328)
at java.base/java.util.concurrent.ThreadPoolExecutor.runWorker(ThreadPoolExecutor.java:1090)
at java.base/java.util.concurrent.ThreadPoolExecutor$Worker.run(ThreadPoolExecutor.java:614)
at java.base/java.lang.Thread.run(Thread.java:1474)
... Removed 15 stack frames]]>
    </failure>
  </testcase> <!-- TC09_selectionnerAnneeCourante -->
  <testcase classname="base.BaseTest" name="@AfterSuite sauvegarderRapport" time="0.0">
    <ignored/>
  </testcase> <!-- @AfterSuite sauvegarderRapport -->
  <testcase classname="base.BaseTest" name="@BeforeSuite initialiserRapport" time="0.0">
    <ignored/>
  </testcase> <!-- @BeforeSuite initialiserRapport -->
</testsuite> <!-- AcademicYear -->
