<?xml version="1.0" encoding="UTF-8"?>
<!-- Generated by org.testng.reporters.JUnitXMLReporter -->
<testsuite ignored="10" hostname="DESKTOP-G68T2U2" failures="4" tests="6" name="CoreFeatures" time="170.069" errors="0" timestamp="2026-05-15T23:31:46 GMT+01:00">
  <testcase classname="tests.TC03_CreerTrimestre" name="TC03_creerTrimestre" time="0.446">
    <failure type="java.lang.NullPointerException" message="Cannot invoke &amp;quot;com.aventstack.extentreports.ExtentReports.createTest(String)&amp;quot; because &amp;quot;this.extent&amp;quot; is null">
      <![CDATA[java.lang.NullPointerException: Cannot invoke "com.aventstack.extentreports.ExtentReports.createTest(String)" because "this.extent" is null
at tests.TC03_CreerTrimestre.TC03_creerTrimestre(TC03_CreerTrimestre.java:26)
at java.base/java.util.ArrayList.forEach(ArrayList.java:1604)
at java.base/java.util.concurrent.FutureTask.run(FutureTask.java:328)
at java.base/java.util.concurrent.ThreadPoolExecutor.runWorker(ThreadPoolExecutor.java:1090)
at java.base/java.util.concurrent.ThreadPoolExecutor$Worker.run(ThreadPoolExecutor.java:614)
at java.base/java.lang.Thread.run(Thread.java:1474)
... Removed 15 stack frames]]>
    </failure>
  </testcase> <!-- TC03_creerTrimestre -->
  <testcase classname="tests.TC04_CreerEtudiant" name="TC04_creerEtudiant" time="0.008">
    <failure type="java.lang.NullPointerException" message="Cannot invoke &amp;quot;com.aventstack.extentreports.ExtentReports.createTest(String)&amp;quot; because &amp;quot;this.extent&amp;quot; is null">
      <![CDATA[java.lang.NullPointerException: Cannot invoke "com.aventstack.extentreports.ExtentReports.createTest(String)" because "this.extent" is null
at tests.TC04_CreerEtudiant.TC04_creerEtudiant(TC04_CreerEtudiant.java:37)
at java.base/java.util.ArrayList.forEach(ArrayList.java:1604)
at java.base/java.util.concurrent.FutureTask.run(FutureTask.java:328)
at java.base/java.util.concurrent.ThreadPoolExecutor.runWorker(ThreadPoolExecutor.java:1090)
at java.base/java.util.concurrent.ThreadPoolExecutor$Worker.run(ThreadPoolExecutor.java:614)
at java.base/java.lang.Thread.run(Thread.java:1474)
... Removed 15 stack frames]]>
    </failure>
  </testcase> <!-- TC04_creerEtudiant -->
  <testcase classname="tests.TC05_CreerEnseignant" name="TC05_creerEnseignant" time="0.0">
    <skipped/>
  </testcase> <!-- TC05_creerEnseignant -->
  <testcase classname="tests.TC06_CreerNiveau" name="TC06_creerNiveau" time="0.045">
    <failure type="java.lang.NullPointerException" message="Cannot invoke &amp;quot;com.aventstack.extentreports.ExtentReports.createTest(String)&amp;quot; because &amp;quot;this.extent&amp;quot; is null">
      <![CDATA[java.lang.NullPointerException: Cannot invoke "com.aventstack.extentreports.ExtentReports.createTest(String)" because "this.extent" is null
at tests.TC06_CreerNiveau.TC06_creerNiveau(TC06_CreerNiveau.java:26)
at java.base/java.util.ArrayList.forEach(ArrayList.java:1604)
at java.base/java.util.concurrent.FutureTask.run(FutureTask.java:328)
at java.base/java.util.concurrent.ThreadPoolExecutor.runWorker(ThreadPoolExecutor.java:1090)
at java.base/java.util.concurrent.ThreadPoolExecutor$Worker.run(ThreadPoolExecutor.java:614)
at java.base/java.lang.Thread.run(Thread.java:1474)
... Removed 15 stack frames]]>
    </failure>
  </testcase> <!-- TC06_creerNiveau -->
  <testcase classname="tests.TC07_CreerClasseInfosIncompletes" name="TC07_creerClasseInfosIncompletes" time="0.094">
    <failure type="java.lang.NullPointerException" message="Cannot invoke &amp;quot;com.aventstack.extentreports.ExtentReports.createTest(String)&amp;quot; because &amp;quot;this.extent&amp;quot; is null">
      <![CDATA[java.lang.NullPointerException: Cannot invoke "com.aventstack.extentreports.ExtentReports.createTest(String)" because "this.extent" is null
at tests.TC07_CreerClasseInfosIncompletes.TC07_creerClasseInfosIncompletes(TC07_CreerClasseInfosIncompletes.java:24)
at java.base/java.util.ArrayList.forEach(ArrayList.java:1604)
at java.base/java.util.concurrent.FutureTask.run(FutureTask.java:328)
at java.base/java.util.concurrent.ThreadPoolExecutor.runWorker(ThreadPoolExecutor.java:1090)
at java.base/java.util.concurrent.ThreadPoolExecutor$Worker.run(ThreadPoolExecutor.java:614)
at java.base/java.lang.Thread.run(Thread.java:1474)
... Removed 15 stack frames]]>
    </failure>
  </testcase> <!-- TC07_creerClasseInfosIncompletes -->
  <testcase classname="tests.TC08_CreerClasseInfosValides" name="TC08_creerClasseInfosValides" time="0.0">
    <skipped/>
  </testcase> <!-- TC08_creerClasseInfosValides -->
  <testcase classname="base.BaseTest" name="@AfterSuite sauvegarderRapport" time="0.0">
    <ignored/>
  </testcase> <!-- @AfterSuite sauvegarderRapport -->
  <testcase classname="base.BaseTest" name="@BeforeSuite initialiserRapport" time="0.0">
    <ignored/>
  </testcase> <!-- @BeforeSuite initialiserRapport -->
  <testcase classname="base.BaseTest" name="@AfterSuite sauvegarderRapport" time="0.0">
    <ignored/>
  </testcase> <!-- @AfterSuite sauvegarderRapport -->
  <testcase classname="base.BaseTest" name="@AfterSuite sauvegarderRapport" time="0.0">
    <ignored/>
  </testcase> <!-- @AfterSuite sauvegarderRapport -->
  <testcase classname="base.BaseTest" name="@AfterSuite sauvegarderRapport" time="0.0">
    <ignored/>
  </testcase> <!-- @AfterSuite sauvegarderRapport -->
  <testcase classname="base.BaseTest" name="@BeforeSuite initialiserRapport" time="0.0">
    <ignored/>
  </testcase> <!-- @BeforeSuite initialiserRapport -->
  <testcase classname="base.BaseTest" name="@AfterSuite sauvegarderRapport" time="0.0">
    <ignored/>
  </testcase> <!-- @AfterSuite sauvegarderRapport -->
  <testcase classname="base.BaseTest" name="@BeforeSuite initialiserRapport" time="0.0">
    <ignored/>
  </testcase> <!-- @BeforeSuite initialiserRapport -->
  <testcase classname="base.BaseTest" name="@BeforeSuite initialiserRapport" time="0.0">
    <ignored/>
  </testcase> <!-- @BeforeSuite initialiserRapport -->
  <testcase classname="base.BaseTest" name="@BeforeSuite initialiserRapport" time="0.0">
    <ignored/>
  </testcase> <!-- @BeforeSuite initialiserRapport -->
</testsuite> <!-- CoreFeatures -->
