<?xml version="1.0" encoding="UTF-8"?>
<testng-results ignored="0" total="1" passed="1" failed="0" skipped="0">
  <reporter-output>
  </reporter-output>
  <suite started-at="2026-05-23T23:02:13 GMT+01:00" name="Default suite" finished-at="2026-05-23T23:03:02 GMT+01:00" duration-ms="49189">
    <groups>
    </groups>
    <test started-at="2026-05-23T23:02:13 GMT+01:00" name="Default test" finished-at="2026-05-23T23:03:02 GMT+01:00" duration-ms="49189">
      <class name="tests.TC03_CreerTrimestre">
        <test-method is-config="true" signature="initialiserRapport()[pri:0, instance:tests.TC03_CreerTrimestre@5e0826e7]" started-at="2026-05-23T23:02:13 GMT+01:00" name="initialiserRapport" finished-at="2026-05-23T23:02:13 GMT+01:00" duration-ms="481" status="PASS">
          <reporter-output>
          </reporter-output>
        </test-method> <!-- initialiserRapport -->
        <test-method is-config="true" signature="ouvrirBrowserEtSeConnecter()[pri:0, instance:tests.TC03_CreerTrimestre@5e0826e7]" started-at="2026-05-23T23:02:13 GMT+01:00" name="ouvrirBrowserEtSeConnecter" finished-at="2026-05-23T23:02:26 GMT+01:00" duration-ms="13080" status="PASS">
          <reporter-output>
          </reporter-output>
        </test-method> <!-- ouvrirBrowserEtSeConnecter -->
        <test-method signature="TC03_creerTrimestre()[pri:0, instance:tests.TC03_CreerTrimestre@5e0826e7]" started-at="2026-05-23T23:02:26 GMT+01:00" name="TC03_creerTrimestre" finished-at="2026-05-23T23:03:02 GMT+01:00" duration-ms="35584" status="PASS">
          <reporter-output>
          </reporter-output>
        </test-method> <!-- TC03_creerTrimestre -->
        <test-method is-config="true" signature="fermerBrowser(org.testng.ITestResult)[pri:0, instance:tests.TC03_CreerTrimestre@5e0826e7]" started-at="2026-05-23T23:03:02 GMT+01:00" name="fermerBrowser" finished-at="2026-05-23T23:03:02 GMT+01:00" duration-ms="431" status="PASS">
          <params>
            <param index="0">
              <value>
                <![CDATA[[TestResult name=TC03_creerTrimestre status=SUCCESS method=TC03_CreerTrimestre.TC03_creerTrimestre()[pri:0, instance:tests.TC03_CreerTrimestre@5e0826e7] output={null}]]]>
              </value>
            </param>
          </params>
          <reporter-output>
          </reporter-output>
        </test-method> <!-- fermerBrowser -->
        <test-method is-config="true" signature="sauvegarderRapport()[pri:0, instance:tests.TC03_CreerTrimestre@5e0826e7]" started-at="2026-05-23T23:03:02 GMT+01:00" name="sauvegarderRapport" finished-at="2026-05-23T23:03:03 GMT+01:00" duration-ms="640" status="PASS">
          <reporter-output>
          </reporter-output>
        </test-method> <!-- sauvegarderRapport -->
      </class> <!-- tests.TC03_CreerTrimestre -->
    </test> <!-- Default test -->
  </suite> <!-- Default suite -->
</testng-results>
